2018-04-04 17:04:12 +0000 [MT] Initial pipeline context: <IDEDistributionProcessingPipelineContext: 0x7fef99fdeb70; archive(resolved)='<IDEArchive: 0x7fef9c5d7730>', distributionTask(resolved)='2', distributionMethod(resolved)='<IDEDistributionMethodDevelopmentSigned: 0x7fef99e6bf40>', team(resolved)='<IDEProvisioningBasicTeam: 0x7fef9c730880; teamID='243N9XGXPC', teamName='Marcus Kerr'>'>
	Chain (11, self inclusive):
	<IDEDistributionProcessingPipelineContext: 0x7fef99fdeb70; archive = '<IDEArchive: 0x7fef9c5d7730>', distributionMethod='<IDEDistributionMethodDevelopmentSigned: 0x7fef99e6bf40>', team='<IDEProvisioningBasicTeam: 0x7fef9c730880; teamID='243N9XGXPC', teamName='Marcus Kerr'>'>
	<IDEDistributionProcessingPipelineContext: 0x7fef99fddeb0; archive = '<IDEArchive: 0x7fef9c5d7730>', distributionMethod='<IDEDistributionMethodDevelopmentSigned: 0x7fef99e6bf40>', team='<IDEProvisioningBasicTeam: 0x7fef9c730880; teamID='243N9XGXPC', teamName='Marcus Kerr'>'>
	<IDEDistributionContext: 0x7fef99fd9ac0; archive = '<IDEArchive: 0x7fef9c5d7730>', distributionMethod='<IDEDistributionMethodDevelopmentSigned: 0x7fef99e6bf40>', team='<IDEProvisioningBasicTeam: 0x7fef9c730880; teamID='243N9XGXPC', teamName='Marcus Kerr'>'>
	<IDEDistributionContext: 0x7fef9c6eeb70; archive = '<IDEArchive: 0x7fef9c5d7730>', distributionMethod='<IDEDistributionMethodDevelopmentSigned: 0x7fef99e6bf40>', team='<IDEProvisioningBasicTeam: 0x7fef9c730880; teamID='243N9XGXPC', teamName='Marcus Kerr'>'>
	<IDEDistributionContext: 0x7fef9c6f9000; archive = '<IDEArchive: 0x7fef9c5d7730>', distributionMethod='<IDEDistributionMethodDevelopmentSigned: 0x7fef99e6bf40>', team='<IDEProvisioningBasicTeam: 0x7fef9c730880; teamID='243N9XGXPC', teamName='Marcus Kerr'>'>
	<IDEDistributionContext: 0x7fef9c72d040; archive = '<IDEArchive: 0x7fef9c5d7730>', distributionMethod='<IDEDistributionMethodDevelopmentSigned: 0x7fef99e6bf40>', team='<IDEProvisioningBasicTeam: 0x7fef9c730880; teamID='243N9XGXPC', teamName='Marcus Kerr'>'>
	<IDEDistributionContext: 0x7fef9c6e2590; archive = '<IDEArchive: 0x7fef9c5d7730>', distributionMethod='<IDEDistributionMethodDevelopmentSigned: 0x7fef99e6bf40>', team='<IDEProvisioningBasicTeam: 0x7fef9c730880; teamID='243N9XGXPC', teamName='Marcus Kerr'>'>
	<IDEDistributionContext: 0x7fef9c7297a0; archive = '<IDEArchive: 0x7fef9c5d7730>', distributionMethod='<IDEDistributionMethodDevelopmentSigned: 0x7fef99e6bf40>', team='<IDEProvisioningBasicTeam: 0x7fef9c730880; teamID='243N9XGXPC', teamName='Marcus Kerr'>'>
	<IDEDistributionContext: 0x7fef99fa4a20; archive = '<IDEArchive: 0x7fef9c5d7730>', distributionMethod='<IDEDistributionMethodDevelopmentSigned: 0x7fef99e6bf40>', team='<IDEProvisioningBasicTeam: 0x7fef9c730880; teamID='243N9XGXPC', teamName='Marcus Kerr'>'>
	<IDEDistributionContext: 0x7fef99f9e690; archive = '<IDEArchive: 0x7fef9c5d7730>', distributionMethod='<IDEDistributionMethodDevelopmentSigned: 0x7fef99e6bf40>', team='(null)'>
	<IDEDistributionContext: 0x7fef9c5d8120; archive = '<IDEArchive: 0x7fef9c5d7730>', distributionMethod='(null)', team='(null)'>
</IDEDistributionProcessingPipelineContext: 0x7fef99fdeb70>
2018-04-04 17:04:12 +0000 [MT] Processing step: IDEDistributionCreateDestRootStep
2018-04-04 17:04:12 +0000 [MT] Processing step: IDEDistributionCopyItemStep
2018-04-04 17:04:12 +0000 [MT] Running /usr/bin/ditto '-V' '/Users/marcus/Projects/Personal Projects/Apps/Torch/platforms/ios/Torch-Ver.12.xcarchive/Products/Applications/Torch-Ver.12.app' '/var/folders/61/r5rwwlvd5lz7bvdbv3hp39rr0000gn/T/XcodeDistPipeline.Yuy/Root/Payload/Torch-Ver.12.app'
2018-04-04 17:04:12 +0000  >>> Copying /Users/marcus/Projects/Personal Projects/Apps/Torch/platforms/ios/Torch-Ver.12.xcarchive/Products/Applications/Torch-Ver.12.app 
2018-04-04 17:04:12 +0000  copying file ./_CodeSignature/CodeResources ... 
2018-04-04 17:04:12 +0000  19005 bytes for ./_CodeSignature/CodeResources
2018-04-04 17:04:12 +0000  copying file ./LaunchImage@2x.png ... 
2018-04-04 17:04:12 +0000  55319 bytes for ./LaunchImage@2x.png
copying file ./MainViewController.nib ... 
2018-04-04 17:04:12 +0000  943 bytes for ./MainViewController.nib
copying file ./AppIcon57x57.png ... 
2018-04-04 17:04:12 +0000  5977 bytes for ./AppIcon57x57.png
2018-04-04 17:04:12 +0000  copying file ./AppIcon29x29.png ... 
2018-04-04 17:04:12 +0000  3349 bytes for ./AppIcon29x29.png
copying file ./LaunchImage-568h@2x.png ... 
2018-04-04 17:04:12 +0000  61990 bytes for ./LaunchImage-568h@2x.png
2018-04-04 17:04:12 +0000  copying file ./AppIcon60x60@2x.png ... 
2018-04-04 17:04:12 +0000  14152 bytes for ./AppIcon60x60@2x.png
copying file ./AppIcon72x72@2x~ipad.png ... 
2018-04-04 17:04:12 +0000  17926 bytes for ./AppIcon72x72@2x~ipad.png
copying file ./AppIcon29x29@2x.png ... 
2018-04-04 17:04:12 +0000  6585 bytes for ./AppIcon29x29@2x.png
2018-04-04 17:04:12 +0000  copying file ./LaunchImage-800-667h@2x.png ... 
2018-04-04 17:04:12 +0000  52100 bytes for ./LaunchImage-800-667h@2x.png
copying file ./LaunchImage-Portrait@2x~ipad.png ... 
2018-04-04 17:04:12 +0000  154923 bytes for ./LaunchImage-Portrait@2x~ipad.png
copying file ./AppIcon40x40@3x.png ... 
2018-04-04 17:04:12 +0000  14152 bytes for ./AppIcon40x40@3x.png
2018-04-04 17:04:12 +0000  copying file ./AppIcon57x57@2x.png ... 
2018-04-04 17:04:12 +0000  13012 bytes for ./AppIcon57x57@2x.png
2018-04-04 17:04:12 +0000  copying file ./AppIcon29x29~ipad.png ... 
2018-04-04 17:04:12 +0000  3349 bytes for ./AppIcon29x29~ipad.png
copying file ./AppIcon40x40@2x.png ... 
2018-04-04 17:04:12 +0000  8883 bytes for ./AppIcon40x40@2x.png
2018-04-04 17:04:12 +0000  copying file ./LaunchImage-Portrait~ipad.png ... 
2018-04-04 17:04:12 +0000  74890 bytes for ./LaunchImage-Portrait~ipad.png
copying file ./AppIcon29x29@3x.png ... 
2018-04-04 17:04:12 +0000  9082 bytes for ./AppIcon29x29@3x.png
copying file ./AppIcon60x60@3x.png ... 
2018-04-04 17:04:12 +0000  33390 bytes for ./AppIcon60x60@3x.png
copying file ./config.xml ... 
2018-04-04 17:04:12 +0000  2458 bytes for ./config.xml
2018-04-04 17:04:12 +0000  copying file ./www/index.html ... 
2018-04-04 17:04:12 +0000  934 bytes for ./www/index.html
copying file ./www/cordova.js ... 
2018-04-04 17:04:12 +0000  78044 bytes for ./www/cordova.js
2018-04-04 17:04:12 +0000  copying file ./www/css/index.css ... 
2018-04-04 17:04:12 +0000  61 bytes for ./www/css/index.css
2018-04-04 17:04:12 +0000  copying file ./www/plugins/cordova-plugin-flashlight/www/Flashlight.js ... 
2018-04-04 17:04:12 +0000  1312 bytes for ./www/plugins/cordova-plugin-flashlight/www/Flashlight.js
2018-04-04 17:04:12 +0000  copying file ./www/js/index.js ... 
2018-04-04 17:04:12 +0000  381 bytes for ./www/js/index.js
2018-04-04 17:04:12 +0000  copying file ./www/img/logo.png ... 
2018-04-04 17:04:12 +0000  21814 bytes for ./www/img/logo.png
2018-04-04 17:04:12 +0000  copying file ./www/cordova-js-src/exec.js ... 
2018-04-04 17:04:12 +0000  8877 bytes for ./www/cordova-js-src/exec.js
2018-04-04 17:04:12 +0000  copying file ./www/cordova-js-src/plugin/ios/logger.js ... 
2018-04-04 17:04:12 +0000  10233 bytes for ./www/cordova-js-src/plugin/ios/logger.js
copying file ./www/cordova-js-src/plugin/ios/console.js ... 
2018-04-04 17:04:12 +0000  6822 bytes for ./www/cordova-js-src/plugin/ios/console.js
2018-04-04 17:04:12 +0000  copying file ./www/cordova-js-src/platform.js ... 
2018-04-04 17:04:12 +0000  1168 bytes for ./www/cordova-js-src/platform.js
copying file ./www/cordova_plugins.js ... 
2018-04-04 17:04:12 +0000  479 bytes for ./www/cordova_plugins.js
2018-04-04 17:04:12 +0000  copying file ./LaunchImage-Landscape~ipad.png ... 
2018-04-04 17:04:12 +0000  76512 bytes for ./LaunchImage-Landscape~ipad.png
copying file ./LaunchImage-700-Portrait~ipad.png ... 
2018-04-04 17:04:12 +0000  74890 bytes for ./LaunchImage-700-Portrait~ipad.png
copying file ./Assets.car ... 
2018-04-04 17:04:12 +0000  212216 bytes for ./Assets.car
copying file ./AppIcon40x40@2x~ipad.png ... 
2018-04-04 17:04:12 +0000  8883 bytes for ./AppIcon40x40@2x~ipad.png
copying file ./AppIcon76x76@2x~ipad.png ... 
2018-04-04 17:04:12 +0000  16629 bytes for ./AppIcon76x76@2x~ipad.png
2018-04-04 17:04:12 +0000  copying file ./LaunchImage-800-Portrait-736h@3x.png ... 
2018-04-04 17:04:12 +0000  62285 bytes for ./LaunchImage-800-Portrait-736h@3x.png
copying file ./AppIcon72x72~ipad.png ... 
2018-04-04 17:04:12 +0000  8045 bytes for ./AppIcon72x72~ipad.png
copying file ./CDVLaunchScreen.storyboardc/01J-lp-oVM-view-Ze5-6b-2t3.nib ... 
2018-04-04 17:04:12 +0000  2284 bytes for ./CDVLaunchScreen.storyboardc/01J-lp-oVM-view-Ze5-6b-2t3.nib
copying file ./CDVLaunchScreen.storyboardc/UIViewController-01J-lp-oVM.nib ... 
2018-04-04 17:04:12 +0000  832 bytes for ./CDVLaunchScreen.storyboardc/UIViewController-01J-lp-oVM.nib
2018-04-04 17:04:12 +0000  copying file ./CDVLaunchScreen.storyboardc/Info.plist ... 
2018-04-04 17:04:12 +0000  258 bytes for ./CDVLaunchScreen.storyboardc/Info.plist
copying file ./LaunchImage-700@2x.png ... 
2018-04-04 17:04:12 +0000  55319 bytes for ./LaunchImage-700@2x.png
copying file ./AppIcon83.5x83.5@2x~ipad.png ... 
2018-04-04 17:04:12 +0000  28234 bytes for ./AppIcon83.5x83.5@2x~ipad.png
copying file ./LaunchImage-700-568h@2x.png ... 
2018-04-04 17:04:12 +0000  61990 bytes for ./LaunchImage-700-568h@2x.png
2018-04-04 17:04:12 +0000  copying file ./LaunchImage-Landscape@2x~ipad.png ... 
2018-04-04 17:04:12 +0000  161722 bytes for ./LaunchImage-Landscape@2x~ipad.png
copying file ./AppIcon50x50~ipad.png ... 
2018-04-04 17:04:12 +0000  5557 bytes for ./AppIcon50x50~ipad.png
copying file ./Torch-Ver.12 ... 
2018-04-04 17:04:12 +0000  501840 bytes for ./Torch-Ver.12
copying file ./AppIcon29x29@2x~ipad.png ... 
2018-04-04 17:04:12 +0000  6585 bytes for ./AppIcon29x29@2x~ipad.png
copying file ./LaunchImage-700-Landscape@2x~ipad.png ... 
2018-04-04 17:04:12 +0000  161722 bytes for ./LaunchImage-700-Landscape@2x~ipad.png
copying file ./AppIcon50x50@2x~ipad.png ... 
2018-04-04 17:04:12 +0000  11331 bytes for ./AppIcon50x50@2x~ipad.png
2018-04-04 17:04:12 +0000  copying file ./AppIcon40x40~ipad.png ... 
2018-04-04 17:04:12 +0000  4450 bytes for ./AppIcon40x40~ipad.png
copying file ./LaunchImage.png ... 
2018-04-04 17:04:12 +0000  20021 bytes for ./LaunchImage.png
copying file ./embedded.mobileprovision ... 
2018-04-04 17:04:12 +0000  7592 bytes for ./embedded.mobileprovision
copying file ./LaunchImage-800-Landscape-736h@3x.png ... 
2018-04-04 17:04:12 +0000  63597 bytes for ./LaunchImage-800-Landscape-736h@3x.png
2018-04-04 17:04:12 +0000  copying file ./LaunchImage-700-Portrait@2x~ipad.png ... 
2018-04-04 17:04:12 +0000  154923 bytes for ./LaunchImage-700-Portrait@2x~ipad.png
copying file ./LaunchImage-700-Landscape~ipad.png ... 
2018-04-04 17:04:12 +0000  76512 bytes for ./LaunchImage-700-Landscape~ipad.png
2018-04-04 17:04:12 +0000  copying file ./Info.plist ... 
2018-04-04 17:04:12 +0000  2009 bytes for ./Info.plist
copying file ./PkgInfo ... 
2018-04-04 17:04:12 +0000  8 bytes for ./PkgInfo
copying file ./AppIcon76x76~ipad.png ... 
2018-04-04 17:04:12 +0000  8463 bytes for ./AppIcon76x76~ipad.png
2018-04-04 17:04:12 +0000  2018-04-04 17:04:12 +0000  

2018-04-04 17:04:12 +0000 [MT] /usr/bin/ditto exited with 02018-04-04 17:04:12 +0000  

2018-04-04 17:04:12 +0000  
2018-04-04 17:04:12 +0000  
2018-04-04 17:04:12 +0000 [MT] Processing step: IDEDistributionEmbedProfileStep
2018-04-04 17:04:12 +0000 [MT] Processing step: IDEDistributionAppThinningPlistStep
2018-04-04 17:04:12 +0000 [MT] Skipping step: IDEDistributionAppThinningPlistStep because it said so
2018-04-04 17:04:12 +0000 [MT] Processing step: IDEDistributionCompileBitcodeStep
2018-04-04 17:04:12 +0000 [MT] Skipping step: IDEDistributionCompileBitcodeStep because it said so
2018-04-04 17:04:12 +0000 [MT] Processing step: IDEDistributionCodeSlimmingStep
2018-04-04 17:04:12 +0000 [MT] Processing step: IDEDistributionCopyBCSymbolMapsStep
2018-04-04 17:04:12 +0000 [MT] Skipping step: IDEDistributionCopyBCSymbolMapsStep because it said so
2018-04-04 17:04:12 +0000 [MT] Processing step: IDEDistributionSymbolsStep
2018-04-04 17:04:12 +0000 [MT] Skipping step: IDEDistributionSymbolsStep because it said so
2018-04-04 17:04:12 +0000 [MT] Processing step: IDEDistributionAppThinningStep
2018-04-04 17:04:12 +0000 [MT] Skipping step: IDEDistributionAppThinningStep because it said so
2018-04-04 17:04:12 +0000 [MT] Processing step: IDEDistributionODRStep
2018-04-04 17:04:12 +0000 [MT] Processing step: IDEDistributionStripXattrsStep
2018-04-04 17:04:12 +0000 [MT] Running /usr/bin/xattr '-crs' '/var/folders/61/r5rwwlvd5lz7bvdbv3hp39rr0000gn/T/XcodeDistPipeline.Yuy/Root/Payload/Torch-Ver.12.app'
2018-04-04 17:04:13 +0000  
2018-04-04 17:04:13 +0000  2018-04-04 17:04:13 +0000 [MT] /usr/bin/xattr exited with 0
2018-04-04 17:04:13 +0000  

2018-04-04 17:04:13 +0000  
2018-04-04 17:04:13 +0000  2018-04-04 17:04:13 +0000 [MT] Processing step: IDEDistributionCodesignStep

2018-04-04 17:04:13 +0000 [MT] Entitlements for <IDEDistributionItem: 0x7fef9c72e310 'com.example.torch' '<DVTFilePath:0x7fef9c5d7c40:'/Users/marcus/Projects/Personal Projects/Apps/Torch/platforms/ios/Torch-Ver.12.xcarchive/Products/Applications/Torch-Ver.12.app'>'>: {
    "application-identifier" = "243N9XGXPC.com.example.torch";
    "com.apple.developer.team-identifier" = 243N9XGXPC;
    "get-task-allow" = 1;
}
2018-04-04 17:04:13 +0000 [MT] Writing entitlements for <IDEDistributionItem: 0x7fef9c72e310 'com.example.torch' '<DVTFilePath:0x7fef9c5d7c40:'/Users/marcus/Projects/Personal Projects/Apps/Torch/platforms/ios/Torch-Ver.12.xcarchive/Products/Applications/Torch-Ver.12.app'>'> to: /var/folders/61/r5rwwlvd5lz7bvdbv3hp39rr0000gn/T/XcodeDistPipeline.Yuy/entitlementsm8QooP
2018-04-04 17:04:13 +0000 [MT] Running /usr/bin/codesign '-vvv' '--force' '--sign' '1F68CDD0BE78584A4A83215F37CC5ABF71839CF1' '--preserve-metadata=identifier,flags' '--entitlements' '/var/folders/61/r5rwwlvd5lz7bvdbv3hp39rr0000gn/T/XcodeDistPipeline.Yuy/entitlementsm8QooP' '/var/folders/61/r5rwwlvd5lz7bvdbv3hp39rr0000gn/T/XcodeDistPipeline.Yuy/Root/Payload/Torch-Ver.12.app'
2018-04-04 17:04:13 +0000  /var/folders/61/r5rwwlvd5lz7bvdbv3hp39rr0000gn/T/XcodeDistPipeline.Yuy/Root/Payload/Torch-Ver.12.app: replacing existing signature
2018-04-04 17:04:13 +0000  /var/folders/61/r5rwwlvd5lz7bvdbv3hp39rr0000gn/T/XcodeDistPipeline.Yuy/Root/Payload/Torch-Ver.12.app: signed app bundle with Mach-O universal (armv7 arm64) [com.example.torch]
2018-04-04 17:04:13 +0000  
2018-04-04 17:04:13 +0000  2018-04-04 17:04:13 +0000 [MT] /usr/bin/codesign exited with 0

2018-04-04 17:04:13 +0000  
2018-04-04 17:04:13 +0000  
2018-04-04 17:04:13 +0000 [MT] Processing step: IDEDistributionStreamingZipItemStep
2018-04-04 17:04:13 +0000 [MT] Skipping step: IDEDistributionStreamingZipItemStep because it said so
2018-04-04 17:04:13 +0000 [MT] Processing step: IDEDistributionCreateIPAStep
2018-04-04 17:04:13 +0000 [MT] Running /usr/bin/ditto '-V' '-c' '-k' '--norsrc' '/var/folders/61/r5rwwlvd5lz7bvdbv3hp39rr0000gn/T/XcodeDistPipeline.Yuy/Root' '/var/folders/61/r5rwwlvd5lz7bvdbv3hp39rr0000gn/T/XcodeDistPipeline.Yuy/Packages/Torch-Ver.12.ipa'
2018-04-04 17:04:13 +0000  >>> Copying /var/folders/61/r5rwwlvd5lz7bvdbv3hp39rr0000gn/T/XcodeDistPipeline.Yuy/Root 
2018-04-04 17:04:13 +0000  copying file ./Payload/Torch-Ver.12.app/_CodeSignature/CodeResources ... 
2018-04-04 17:04:13 +0000  19005 bytes for ./Payload/Torch-Ver.12.app/_CodeSignature/CodeResources
copying file ./Payload/Torch-Ver.12.app/LaunchImage@2x.png ... 
2018-04-04 17:04:13 +0000  55319 bytes for ./Payload/Torch-Ver.12.app/LaunchImage@2x.png
copying file ./Payload/Torch-Ver.12.app/MainViewController.nib ... 
2018-04-04 17:04:13 +0000  943 bytes for ./Payload/Torch-Ver.12.app/MainViewController.nib
2018-04-04 17:04:13 +0000  copying file ./Payload/Torch-Ver.12.app/AppIcon57x57.png ... 
2018-04-04 17:04:13 +0000  5977 bytes for ./Payload/Torch-Ver.12.app/AppIcon57x57.png
copying file ./Payload/Torch-Ver.12.app/AppIcon29x29.png ... 
2018-04-04 17:04:13 +0000  3349 bytes for ./Payload/Torch-Ver.12.app/AppIcon29x29.png
copying file ./Payload/Torch-Ver.12.app/LaunchImage-568h@2x.png ... 
2018-04-04 17:04:13 +0000  61990 bytes for ./Payload/Torch-Ver.12.app/LaunchImage-568h@2x.png
copying file ./Payload/Torch-Ver.12.app/AppIcon60x60@2x.png ... 
2018-04-04 17:04:13 +0000  14152 bytes for ./Payload/Torch-Ver.12.app/AppIcon60x60@2x.png
copying file ./Payload/Torch-Ver.12.app/AppIcon72x72@2x~ipad.png ... 
2018-04-04 17:04:13 +0000  17926 bytes for ./Payload/Torch-Ver.12.app/AppIcon72x72@2x~ipad.png
copying file ./Payload/Torch-Ver.12.app/AppIcon29x29@2x.png ... 
2018-04-04 17:04:13 +0000  6585 bytes for ./Payload/Torch-Ver.12.app/AppIcon29x29@2x.png
copying file ./Payload/Torch-Ver.12.app/LaunchImage-800-667h@2x.png ... 
2018-04-04 17:04:13 +0000  52100 bytes for ./Payload/Torch-Ver.12.app/LaunchImage-800-667h@2x.png
copying file ./Payload/Torch-Ver.12.app/LaunchImage-Portrait@2x~ipad.png ... 
2018-04-04 17:04:13 +0000  154923 bytes for ./Payload/Torch-Ver.12.app/LaunchImage-Portrait@2x~ipad.png
copying file ./Payload/Torch-Ver.12.app/AppIcon40x40@3x.png ... 
2018-04-04 17:04:13 +0000  14152 bytes for ./Payload/Torch-Ver.12.app/AppIcon40x40@3x.png
copying file ./Payload/Torch-Ver.12.app/AppIcon57x57@2x.png ... 
2018-04-04 17:04:13 +0000  13012 bytes for ./Payload/Torch-Ver.12.app/AppIcon57x57@2x.png
copying file ./Payload/Torch-Ver.12.app/AppIcon29x29~ipad.png ... 
2018-04-04 17:04:13 +0000  3349 bytes for ./Payload/Torch-Ver.12.app/AppIcon29x29~ipad.png
copying file ./Payload/Torch-Ver.12.app/AppIcon40x40@2x.png ... 
2018-04-04 17:04:13 +0000  8883 bytes for ./Payload/Torch-Ver.12.app/AppIcon40x40@2x.png
copying file ./Payload/Torch-Ver.12.app/LaunchImage-Portrait~ipad.png ... 
2018-04-04 17:04:13 +0000  74890 bytes for ./Payload/Torch-Ver.12.app/LaunchImage-Portrait~ipad.png
copying file ./Payload/Torch-Ver.12.app/AppIcon29x29@3x.png ... 
2018-04-04 17:04:13 +0000  9082 bytes for ./Payload/Torch-Ver.12.app/AppIcon29x29@3x.png
copying file ./Payload/Torch-Ver.12.app/AppIcon60x60@3x.png ... 
2018-04-04 17:04:13 +0000  33390 bytes for ./Payload/Torch-Ver.12.app/AppIcon60x60@3x.png
copying file ./Payload/Torch-Ver.12.app/config.xml ... 
2018-04-04 17:04:13 +0000  2458 bytes for ./Payload/Torch-Ver.12.app/config.xml
copying file ./Payload/Torch-Ver.12.app/www/index.html ... 
2018-04-04 17:04:13 +0000  934 bytes for ./Payload/Torch-Ver.12.app/www/index.html
copying file ./Payload/Torch-Ver.12.app/www/cordova.js ... 
2018-04-04 17:04:13 +0000  78044 bytes for ./Payload/Torch-Ver.12.app/www/cordova.js
2018-04-04 17:04:13 +0000  copying file ./Payload/Torch-Ver.12.app/www/css/index.css ... 
61 bytes for ./Payload/Torch-Ver.12.app/www/css/index.css
2018-04-04 17:04:13 +0000  copying file ./Payload/Torch-Ver.12.app/www/plugins/cordova-plugin-flashlight/www/Flashlight.js ... 
2018-04-04 17:04:13 +0000  1312 bytes for ./Payload/Torch-Ver.12.app/www/plugins/cordova-plugin-flashlight/www/Flashlight.js
2018-04-04 17:04:13 +0000  copying file ./Payload/Torch-Ver.12.app/www/js/index.js ... 
2018-04-04 17:04:13 +0000  381 bytes for ./Payload/Torch-Ver.12.app/www/js/index.js
2018-04-04 17:04:13 +0000  copying file ./Payload/Torch-Ver.12.app/www/img/logo.png ... 
2018-04-04 17:04:13 +0000  21814 bytes for ./Payload/Torch-Ver.12.app/www/img/logo.png
2018-04-04 17:04:13 +0000  copying file ./Payload/Torch-Ver.12.app/www/cordova-js-src/exec.js ... 
2018-04-04 17:04:13 +0000  8877 bytes for ./Payload/Torch-Ver.12.app/www/cordova-js-src/exec.js
2018-04-04 17:04:13 +0000  copying file ./Payload/Torch-Ver.12.app/www/cordova-js-src/plugin/ios/logger.js ... 
2018-04-04 17:04:13 +0000  10233 bytes for ./Payload/Torch-Ver.12.app/www/cordova-js-src/plugin/ios/logger.js
2018-04-04 17:04:13 +0000  copying file ./Payload/Torch-Ver.12.app/www/cordova-js-src/plugin/ios/console.js ... 
2018-04-04 17:04:13 +0000  6822 bytes for ./Payload/Torch-Ver.12.app/www/cordova-js-src/plugin/ios/console.js
2018-04-04 17:04:13 +0000  copying file ./Payload/Torch-Ver.12.app/www/cordova-js-src/platform.js ... 
2018-04-04 17:04:13 +0000  1168 bytes for ./Payload/Torch-Ver.12.app/www/cordova-js-src/platform.js
2018-04-04 17:04:13 +0000  copying file ./Payload/Torch-Ver.12.app/www/cordova_plugins.js ... 
2018-04-04 17:04:13 +0000  479 bytes for ./Payload/Torch-Ver.12.app/www/cordova_plugins.js
copying file ./Payload/Torch-Ver.12.app/LaunchImage-Landscape~ipad.png ... 
2018-04-04 17:04:13 +0000  76512 bytes for ./Payload/Torch-Ver.12.app/LaunchImage-Landscape~ipad.png
2018-04-04 17:04:13 +0000  copying file ./Payload/Torch-Ver.12.app/LaunchImage-700-Portrait~ipad.png ... 
2018-04-04 17:04:13 +0000  74890 bytes for ./Payload/Torch-Ver.12.app/LaunchImage-700-Portrait~ipad.png
copying file ./Payload/Torch-Ver.12.app/Assets.car ... 
2018-04-04 17:04:13 +0000  212216 bytes for ./Payload/Torch-Ver.12.app/Assets.car
copying file ./Payload/Torch-Ver.12.app/AppIcon40x40@2x~ipad.png ... 
2018-04-04 17:04:13 +0000  8883 bytes for ./Payload/Torch-Ver.12.app/AppIcon40x40@2x~ipad.png
copying file ./Payload/Torch-Ver.12.app/AppIcon76x76@2x~ipad.png ... 
2018-04-04 17:04:13 +0000  16629 bytes for ./Payload/Torch-Ver.12.app/AppIcon76x76@2x~ipad.png
2018-04-04 17:04:13 +0000  copying file ./Payload/Torch-Ver.12.app/LaunchImage-800-Portrait-736h@3x.png ... 
2018-04-04 17:04:13 +0000  62285 bytes for ./Payload/Torch-Ver.12.app/LaunchImage-800-Portrait-736h@3x.png
2018-04-04 17:04:13 +0000  copying file ./Payload/Torch-Ver.12.app/AppIcon72x72~ipad.png ... 
2018-04-04 17:04:13 +0000  8045 bytes for ./Payload/Torch-Ver.12.app/AppIcon72x72~ipad.png
2018-04-04 17:04:13 +0000  copying file ./Payload/Torch-Ver.12.app/CDVLaunchScreen.storyboardc/01J-lp-oVM-view-Ze5-6b-2t3.nib ... 
2018-04-04 17:04:13 +0000  2284 bytes for ./Payload/Torch-Ver.12.app/CDVLaunchScreen.storyboardc/01J-lp-oVM-view-Ze5-6b-2t3.nib
copying file ./Payload/Torch-Ver.12.app/CDVLaunchScreen.storyboardc/UIViewController-01J-lp-oVM.nib ... 
2018-04-04 17:04:13 +0000  832 bytes for ./Payload/Torch-Ver.12.app/CDVLaunchScreen.storyboardc/UIViewController-01J-lp-oVM.nib
2018-04-04 17:04:13 +0000  copying file ./Payload/Torch-Ver.12.app/CDVLaunchScreen.storyboardc/Info.plist ... 
2018-04-04 17:04:13 +0000  258 bytes for ./Payload/Torch-Ver.12.app/CDVLaunchScreen.storyboardc/Info.plist
copying file ./Payload/Torch-Ver.12.app/LaunchImage-700@2x.png ... 
2018-04-04 17:04:13 +0000  55319 bytes for ./Payload/Torch-Ver.12.app/LaunchImage-700@2x.png
2018-04-04 17:04:13 +0000  copying file ./Payload/Torch-Ver.12.app/AppIcon83.5x83.5@2x~ipad.png ... 
2018-04-04 17:04:13 +0000  28234 bytes for ./Payload/Torch-Ver.12.app/AppIcon83.5x83.5@2x~ipad.png
2018-04-04 17:04:13 +0000  copying file ./Payload/Torch-Ver.12.app/LaunchImage-700-568h@2x.png ... 
2018-04-04 17:04:13 +0000  61990 bytes for ./Payload/Torch-Ver.12.app/LaunchImage-700-568h@2x.png
2018-04-04 17:04:13 +0000  copying file ./Payload/Torch-Ver.12.app/LaunchImage-Landscape@2x~ipad.png ... 
2018-04-04 17:04:13 +0000  161722 bytes for ./Payload/Torch-Ver.12.app/LaunchImage-Landscape@2x~ipad.png
copying file ./Payload/Torch-Ver.12.app/AppIcon50x50~ipad.png ... 
2018-04-04 17:04:13 +0000  5557 bytes for ./Payload/Torch-Ver.12.app/AppIcon50x50~ipad.png
copying file ./Payload/Torch-Ver.12.app/Torch-Ver.12 ... 
2018-04-04 17:04:13 +0000  501840 bytes for ./Payload/Torch-Ver.12.app/Torch-Ver.12
2018-04-04 17:04:13 +0000  copying file ./Payload/Torch-Ver.12.app/AppIcon29x29@2x~ipad.png ... 
6585 bytes for ./Payload/Torch-Ver.12.app/AppIcon29x29@2x~ipad.png
2018-04-04 17:04:13 +0000  copying file ./Payload/Torch-Ver.12.app/LaunchImage-700-Landscape@2x~ipad.png ... 
2018-04-04 17:04:13 +0000  161722 bytes for ./Payload/Torch-Ver.12.app/LaunchImage-700-Landscape@2x~ipad.png
2018-04-04 17:04:13 +0000  copying file ./Payload/Torch-Ver.12.app/AppIcon50x50@2x~ipad.png ... 
2018-04-04 17:04:13 +0000  11331 bytes for ./Payload/Torch-Ver.12.app/AppIcon50x50@2x~ipad.png
copying file ./Payload/Torch-Ver.12.app/AppIcon40x40~ipad.png ... 
2018-04-04 17:04:13 +0000  4450 bytes for ./Payload/Torch-Ver.12.app/AppIcon40x40~ipad.png
2018-04-04 17:04:13 +0000  copying file ./Payload/Torch-Ver.12.app/LaunchImage.png ... 
2018-04-04 17:04:13 +0000  20021 bytes for ./Payload/Torch-Ver.12.app/LaunchImage.png
2018-04-04 17:04:13 +0000  copying file ./Payload/Torch-Ver.12.app/embedded.mobileprovision ... 
2018-04-04 17:04:13 +0000  7592 bytes for ./Payload/Torch-Ver.12.app/embedded.mobileprovision
copying file ./Payload/Torch-Ver.12.app/LaunchImage-800-Landscape-736h@3x.png ... 
2018-04-04 17:04:13 +0000  63597 bytes for ./Payload/Torch-Ver.12.app/LaunchImage-800-Landscape-736h@3x.png
copying file ./Payload/Torch-Ver.12.app/LaunchImage-700-Portrait@2x~ipad.png ... 
2018-04-04 17:04:13 +0000  154923 bytes for ./Payload/Torch-Ver.12.app/LaunchImage-700-Portrait@2x~ipad.png
copying file ./Payload/Torch-Ver.12.app/LaunchImage-700-Landscape~ipad.png ... 
2018-04-04 17:04:13 +0000  76512 bytes for ./Payload/Torch-Ver.12.app/LaunchImage-700-Landscape~ipad.png
copying file ./Payload/Torch-Ver.12.app/Info.plist ... 
2018-04-04 17:04:13 +0000  2009 bytes for ./Payload/Torch-Ver.12.app/Info.plist
copying file ./Payload/Torch-Ver.12.app/PkgInfo ... 
2018-04-04 17:04:13 +0000  8 bytes for ./Payload/Torch-Ver.12.app/PkgInfo
copying file ./Payload/Torch-Ver.12.app/AppIcon76x76~ipad.png ... 
2018-04-04 17:04:13 +0000  8463 bytes for ./Payload/Torch-Ver.12.app/AppIcon76x76~ipad.png
2018-04-04 17:04:13 +0000  
2018-04-04 17:04:13 +0000  
2018-04-04 17:04:13 +0000 [MT] /usr/bin/ditto exited with 02018-04-04 17:04:13 +0000  

2018-04-04 17:04:13 +0000  
2018-04-04 17:04:13 +0000 [MT] Processing step: IDEDistributionCreateManifestStep
